# JRE version: OpenJDK Runtime Environment (11.0.18+10) (build 11.0.18+10-LTS)
# Java VM: OpenJDK 64-Bit Server VM (11.0.18+10-LTS, mixed mode, tiered, compressed oops, g1 gc, windows-amd64)
Heap:
 garbage-first heap   total 65536K, used 11387K [0x00000000fc000000, 0x0000000100000000)
  region size 1024K, 3 young (3072K), 1 survivors (1024K)
 Metaspace       used 16056K, capacity 16300K, committed 16512K, reserved 1064960K
  class space    used 1802K, capacity 1905K, committed 1920K, reserved 1048576K
GC Heap History (6 events):
Event: 0.733 GC heap before
{Heap before GC invocations=0 (full 0):
 garbage-first heap   total 65536K, used 7168K [0x00000000fc000000, 0x0000000100000000)
  region size 1024K, 7 young (7168K), 0 survivors (0K)
 Metaspace       used 7201K, capacity 7353K, committed 7680K, reserved 1056768K
  class space    used 626K, capacity 682K, committed 768K, reserved 1048576K
}
Event: 0.760 GC heap after
{Heap after GC invocations=1 (full 0):
 garbage-first heap   total 65536K, used 1576K [0x00000000fc000000, 0x0000000100000000)
  region size 1024K, 1 young (1024K), 1 survivors (1024K)
 Metaspace       used 7201K, capacity 7353K, committed 7680K, reserved 1056768K
  class space    used 626K, capacity 682K, committed 768K, reserved 1048576K
}
Event: 11.753 GC heap before
{Heap before GC invocations=1 (full 0):
 garbage-first heap   total 65536K, used 44584K [0x00000000fc000000, 0x0000000100000000)
  region size 1024K, 38 young (38912K), 1 survivors (1024K)
 Metaspace       used 15510K, capacity 15841K, committed 16000K, reserved 1062912K
  class space    used 1780K, capacity 1900K, committed 1920K, reserved 1048576K
}
Event: 11.761 GC heap after
{Heap after GC invocations=2 (full 0):
 garbage-first heap   total 65536K, used 10286K [0x00000000fc000000, 0x0000000100000000)
  region size 1024K, 5 young (5120K), 5 survivors (5120K)
 Metaspace       used 15510K, capacity 15841K, committed 16000K, reserved 1062912K
  class space    used 1780K, capacity 1900K, committed 1920K, reserved 1048576K
}
Event: 111.890 GC heap before
{Heap before GC invocations=2 (full 0):
 garbage-first heap   total 65536K, used 13358K [0x00000000fc000000, 0x0000000100000000)
  region size 1024K, 8 young (8192K), 5 survivors (5120K)
 Metaspace       used 16025K, capacity 16300K, committed 16512K, reserved 1064960K
  class space    used 1801K, capacity 1905K, committed 1920K, reserved 1048576K
}
Event: 112.032 GC heap after
{Heap after GC invocations=3 (full 0):
 garbage-first heap   total 65536K, used 10363K [0x00000000fc000000, 0x0000000100000000)
  region size 1024K, 1 young (1024K), 1 survivors (1024K)
 Metaspace       used 16025K, capacity 16300K, committed 16512K, reserved 1064960K
  class space    used 1801K, capacity 1905K, committed 1920K, reserved 1048576K
}

